# JRE version: OpenJDK Runtime Environment GraalVM CE 22.3.0 (17.0.5+8) (build 17.0.5+8-jvmci-22.3-b08)
# Java VM: OpenJDK 64-Bit Server VM GraalVM CE 22.3.0 (17.0.5+8-jvmci-22.3-b08, mixed mode, sharing, tiered, jvmci, jvmci compiler, compressed oops, compressed class ptrs, parallel gc, linux-amd64)
GC Precious Log:
 CPUs: 8 total, 1 available
 Memory: 1024M
 Large Page Support: Disabled
 NUMA Support: Disabled
 Compressed Oops: Enabled (32-bit)
 Alignments: Space 512K, Generation 512K, Heap 2M
 Heap Min Capacity: 100M
 Heap Initial Capacity: 100M
 Heap Max Capacity: 512M
 Pre-touch: Disabled
 Parallel Workers: 1
Heap:
 PSYoungGen      total 6656K, used 6365K [0x00000000f5580000, 0x00000000f5e80000, 0x0000000100000000)
  eden space 5632K, 100% used [0x00000000f5580000,0x00000000f5b00000,0x00000000f5b00000)
  from space 1024K, 71% used [0x00000000f5b00000,0x00000000f5bb7500,0x00000000f5c00000)
  to   space 1024K, 0% used [0x00000000f5d80000,0x00000000f5d80000,0x00000000f5e80000)
 ParOldGen       total 120320K, used 119122K [0x00000000e0000000, 0x00000000e7580000, 0x00000000f5580000)
  object space 120320K, 99% used [0x00000000e0000000,0x00000000e74549b8,0x00000000e7580000)
 Metaspace       used 45664K, committed 46656K, reserved 1097728K
  class space    used 4727K, committed 5120K, reserved 1048576K
GC Heap History (20 events):
Event: 42.954 GC heap before
{Heap before GC invocations=52 (full 4):
 PSYoungGen      total 6144K, used 5675K [0x00000000f5580000, 0x00000000f5d00000, 0x0000000100000000)
  eden space 4608K, 99% used [0x00000000f5580000,0x00000000f59fffe8,0x00000000f5a00000)
  from space 1536K, 69% used [0x00000000f5a00000,0x00000000f5b0adc8,0x00000000f5b80000)
  to   space 1536K, 0% used [0x00000000f5b80000,0x00000000f5b80000,0x00000000f5d00000)
 ParOldGen       total 120320K, used 112257K [0x00000000e0000000, 0x00000000e7580000, 0x00000000f5580000)
  object space 120320K, 93% used [0x00000000e0000000,0x00000000e6da05d8,0x00000000e7580000)
 Metaspace       used 45532K, committed 46464K, reserved 1097728K
  class space    used 4723K, committed 5120K, reserved 1048576K
}
Event: 42.959 GC heap after
{Heap after GC invocations=52 (full 4):
 PSYoungGen      total 5120K, used 1505K [0x00000000f5580000, 0x00000000f5f00000, 0x0000000100000000)
  eden space 3584K, 0% used [0x00000000f5580000,0x00000000f5580000,0x00000000f5900000)
  from space 1536K, 98% used [0x00000000f5b80000,0x00000000f5cf8668,0x00000000f5d00000)
  to   space 2560K, 0% used [0x00000000f5900000,0x00000000f5900000,0x00000000f5b80000)
 ParOldGen       total 120320K, used 112936K [0x00000000e0000000, 0x00000000e7580000, 0x00000000f5580000)
  object space 120320K, 93% used [0x00000000e0000000,0x00000000e6e4a318,0x00000000e7580000)
 Metaspace       used 45532K, committed 46464K, reserved 1097728K
  class space    used 4723K, committed 5120K, reserved 1048576K
}
Event: 43.054 GC heap before
{Heap before GC invocations=53 (full 4):
 PSYoungGen      total 5120K, used 5089K [0x00000000f5580000, 0x00000000f5f00000, 0x0000000100000000)
  eden space 3584K, 100% used [0x00000000f5580000,0x00000000f5900000,0x00000000f5900000)
  from space 1536K, 98% used [0x00000000f5b80000,0x00000000f5cf8668,0x00000000f5d00000)
  to   space 2560K, 0% used [0x00000000f5900000,0x00000000f5900000,0x00000000f5b80000)
 ParOldGen       total 120320K, used 112936K [0x00000000e0000000, 0x00000000e7580000, 0x00000000f5580000)
  object space 120320K, 93% used [0x00000000e0000000,0x00000000e6e4a318,0x00000000e7580000)
 Metaspace       used 45556K, committed 46464K, reserved 1097728K
  class space    used 4723K, committed 5120K, reserved 1048576K
}
Event: 43.062 GC heap after
{Heap after GC invocations=53 (full 4):
 PSYoungGen      total 4608K, used 993K [0x00000000f5580000, 0x00000000f5c00000, 0x0000000100000000)
  eden space 3584K, 0% used [0x00000000f5580000,0x00000000f5580000,0x00000000f5900000)
  from space 1024K, 97% used [0x00000000f5900000,0x00000000f59f85c0,0x00000000f5a00000)
  to   space 1536K, 0% used [0x00000000f5a80000,0x00000000f5a80000,0x00000000f5c00000)
 ParOldGen       total 120320K, used 114453K [0x00000000e0000000, 0x00000000e7580000, 0x00000000f5580000)
  object space 120320K, 95% used [0x00000000e0000000,0x00000000e6fc5508,0x00000000e7580000)
 Metaspace       used 45556K, committed 46464K, reserved 1097728K
  class space    used 4723K, committed 5120K, reserved 1048576K
}
Event: 43.197 GC heap before
{Heap before GC invocations=54 (full 4):
 PSYoungGen      total 4608K, used 4577K [0x00000000f5580000, 0x00000000f5c00000, 0x0000000100000000)
  eden space 3584K, 100% used [0x00000000f5580000,0x00000000f5900000,0x00000000f5900000)
  from space 1024K, 97% used [0x00000000f5900000,0x00000000f59f85c0,0x00000000f5a00000)
  to   space 1536K, 0% used [0x00000000f5a80000,0x00000000f5a80000,0x00000000f5c00000)
 ParOldGen       total 120320K, used 114453K [0x00000000e0000000, 0x00000000e7580000, 0x00000000f5580000)
  object space 120320K, 95% used [0x00000000e0000000,0x00000000e6fc5508,0x00000000e7580000)
 Metaspace       used 45586K, committed 46464K, reserved 1097728K
  class space    used 4725K, committed 5120K, reserved 1048576K
}
Event: 43.204 GC heap after
{Heap after GC invocations=54 (full 4):
 PSYoungGen      total 4608K, used 1515K [0x00000000f5580000, 0x00000000f5d00000, 0x0000000100000000)
  eden space 3072K, 0% used [0x00000000f5580000,0x00000000f5580000,0x00000000f5880000)
  from space 1536K, 98% used [0x00000000f5a80000,0x00000000f5bfac58,0x00000000f5c00000)
  to   space 2048K, 0% used [0x00000000f5880000,0x00000000f5880000,0x00000000f5a80000)
 ParOldGen       total 120320K, used 114640K [0x00000000e0000000, 0x00000000e7580000, 0x00000000f5580000)
  object space 120320K, 95% used [0x00000000e0000000,0x00000000e6ff40a0,0x00000000e7580000)
 Metaspace       used 45586K, committed 46464K, reserved 1097728K
  class space    used 4725K, committed 5120K, reserved 1048576K
}
Event: 43.301 GC heap before
{Heap before GC invocations=55 (full 4):
 PSYoungGen      total 4608K, used 4587K [0x00000000f5580000, 0x00000000f5d00000, 0x0000000100000000)
  eden space 3072K, 100% used [0x00000000f5580000,0x00000000f5880000,0x00000000f5880000)
  from space 1536K, 98% used [0x00000000f5a80000,0x00000000f5bfac58,0x00000000f5c00000)
  to   space 2048K, 0% used [0x00000000f5880000,0x00000000f5880000,0x00000000f5a80000)
 ParOldGen       total 120320K, used 114640K [0x00000000e0000000, 0x00000000e7580000, 0x00000000f5580000)
  object space 120320K, 95% used [0x00000000e0000000,0x00000000e6ff40a0,0x00000000e7580000)
 Metaspace       used 45605K, committed 46528K, reserved 1097728K
  class space    used 4727K, committed 5120K, reserved 1048576K
}
Event: 43.310 GC heap after
{Heap after GC invocations=55 (full 4):
 PSYoungGen      total 4096K, used 582K [0x00000000f5580000, 0x00000000f5b00000, 0x0000000100000000)
  eden space 3072K, 0% used [0x00000000f5580000,0x00000000f5580000,0x00000000f5880000)
  from space 1024K, 56% used [0x00000000f5880000,0x00000000f5911a28,0x00000000f5980000)
  to   space 1024K, 0% used [0x00000000f5a00000,0x00000000f5a00000,0x00000000f5b00000)
 ParOldGen       total 120320K, used 116118K [0x00000000e0000000, 0x00000000e7580000, 0x00000000f5580000)
  object space 120320K, 96% used [0x00000000e0000000,0x00000000e7165918,0x00000000e7580000)
 Metaspace       used 45605K, committed 46528K, reserved 1097728K
  class space    used 4727K, committed 5120K, reserved 1048576K
}
Event: 43.356 GC heap before
{Heap before GC invocations=56 (full 4):
 PSYoungGen      total 4096K, used 3654K [0x00000000f5580000, 0x00000000f5b00000, 0x0000000100000000)
  eden space 3072K, 100% used [0x00000000f5580000,0x00000000f5880000,0x00000000f5880000)
  from space 1024K, 56% used [0x00000000f5880000,0x00000000f5911a28,0x00000000f5980000)
  to   space 1024K, 0% used [0x00000000f5a00000,0x00000000f5a00000,0x00000000f5b00000)
 ParOldGen       total 120320K, used 116118K [0x00000000e0000000, 0x00000000e7580000, 0x00000000f5580000)
  object space 120320K, 96% used [0x00000000e0000000,0x00000000e7165918,0x00000000e7580000)
 Metaspace       used 45614K, committed 46592K, reserved 1097728K
  class space    used 4727K, committed 5120K, reserved 1048576K
}
Event: 43.398 GC heap after
{Heap after GC invocations=56 (full 4):
 PSYoungGen      total 4608K, used 902K [0x00000000f5580000, 0x00000000f5b80000, 0x0000000100000000)
  eden space 3584K, 0% used [0x00000000f5580000,0x00000000f5580000,0x00000000f5900000)
  from space 1024K, 88% used [0x00000000f5a00000,0x00000000f5ae1b58,0x00000000f5b00000)
  to   space 1024K, 0% used [0x00000000f5900000,0x00000000f5900000,0x00000000f5a00000)
 ParOldGen       total 120320K, used 116118K [0x00000000e0000000, 0x00000000e7580000, 0x00000000f5580000)
  object space 120320K, 96% used [0x00000000e0000000,0x00000000e7165918,0x00000000e7580000)
 Metaspace       used 45614K, committed 46592K, reserved 1097728K
  class space    used 4727K, committed 5120K, reserved 1048576K
}
Event: 43.405 GC heap before
{Heap before GC invocations=57 (full 4):
 PSYoungGen      total 4608K, used 4486K [0x00000000f5580000, 0x00000000f5b80000, 0x0000000100000000)
  eden space 3584K, 99% used [0x00000000f5580000,0x00000000f58ffff0,0x00000000f5900000)
  from space 1024K, 88% used [0x00000000f5a00000,0x00000000f5ae1b58,0x00000000f5b00000)
  to   space 1024K, 0% used [0x00000000f5900000,0x00000000f5900000,0x00000000f5a00000)
 ParOldGen       total 120320K, used 116118K [0x00000000e0000000, 0x00000000e7580000, 0x00000000f5580000)
  object space 120320K, 96% used [0x00000000e0000000,0x00000000e7165918,0x00000000e7580000)
 Metaspace       used 45615K, committed 46592K, reserved 1097728K
  class space    used 4727K, committed 5120K, reserved 1048576K
}
Event: 43.452 GC heap after
{Heap after GC invocations=57 (full 4):
 PSYoungGen      total 4608K, used 501K [0x00000000f5580000, 0x00000000f5c00000, 0x0000000100000000)
  eden space 3584K, 0% used [0x00000000f5580000,0x00000000f5580000,0x00000000f5900000)
  from space 1024K, 48% used [0x00000000f5900000,0x00000000f597d688,0x00000000f5a00000)
  to   space 1024K, 0% used [0x00000000f5b00000,0x00000000f5b00000,0x00000000f5c00000)
 ParOldGen       total 120320K, used 116990K [0x00000000e0000000, 0x00000000e7580000, 0x00000000f5580000)
  object space 120320K, 97% used [0x00000000e0000000,0x00000000e723f950,0x00000000e7580000)
 Metaspace       used 45615K, committed 46592K, reserved 1097728K
  class space    used 4727K, committed 5120K, reserved 1048576K
}
Event: 43.500 GC heap before
{Heap before GC invocations=58 (full 4):
 PSYoungGen      total 4608K, used 4085K [0x00000000f5580000, 0x00000000f5c00000, 0x0000000100000000)
  eden space 3584K, 100% used [0x00000000f5580000,0x00000000f5900000,0x00000000f5900000)
  from space 1024K, 48% used [0x00000000f5900000,0x00000000f597d688,0x00000000f5a00000)
  to   space 1024K, 0% used [0x00000000f5b00000,0x00000000f5b00000,0x00000000f5c00000)
 ParOldGen       total 120320K, used 116990K [0x00000000e0000000, 0x00000000e7580000, 0x00000000f5580000)
  object space 120320K, 97% used [0x00000000e0000000,0x00000000e723f950,0x00000000e7580000)
 Metaspace       used 45617K, committed 46592K, reserved 1097728K
  class space    used 4727K, committed 5120K, reserved 1048576K
}
Event: 43.505 GC heap after
{Heap after GC invocations=58 (full 4):
 PSYoungGen      total 5632K, used 503K [0x00000000f5580000, 0x00000000f5c00000, 0x0000000100000000)
  eden space 4608K, 0% used [0x00000000f5580000,0x00000000f5580000,0x00000000f5a00000)
  from space 1024K, 49% used [0x00000000f5b00000,0x00000000f5b7dcf0,0x00000000f5c00000)
  to   space 1024K, 0% used [0x00000000f5a00000,0x00000000f5a00000,0x00000000f5b00000)
 ParOldGen       total 120320K, used 117442K [0x00000000e0000000, 0x00000000e7580000, 0x00000000f5580000)
  object space 120320K, 97% used [0x00000000e0000000,0x00000000e72b0980,0x00000000e7580000)
 Metaspace       used 45617K, committed 46592K, reserved 1097728K
  class space    used 4727K, committed 5120K, reserved 1048576K
}
Event: 43.600 GC heap before
{Heap before GC invocations=59 (full 4):
 PSYoungGen      total 5632K, used 5111K [0x00000000f5580000, 0x00000000f5c00000, 0x0000000100000000)
  eden space 4608K, 100% used [0x00000000f5580000,0x00000000f5a00000,0x00000000f5a00000)
  from space 1024K, 49% used [0x00000000f5b00000,0x00000000f5b7dcf0,0x00000000f5c00000)
  to   space 1024K, 0% used [0x00000000f5a00000,0x00000000f5a00000,0x00000000f5b00000)
 ParOldGen       total 120320K, used 117442K [0x00000000e0000000, 0x00000000e7580000, 0x00000000f5580000)
  object space 120320K, 97% used [0x00000000e0000000,0x00000000e72b0980,0x00000000e7580000)
 Metaspace       used 45650K, committed 46656K, reserved 1097728K
  class space    used 4727K, committed 5120K, reserved 1048576K
}
Event: 43.650 GC heap after
{Heap after GC invocations=59 (full 4):
 PSYoungGen      total 5632K, used 633K [0x00000000f5580000, 0x00000000f5d00000, 0x0000000100000000)
  eden space 4608K, 0% used [0x00000000f5580000,0x00000000f5580000,0x00000000f5a00000)
  from space 1024K, 61% used [0x00000000f5a00000,0x00000000f5a9e430,0x00000000f5b00000)
  to   space 1024K, 0% used [0x00000000f5c00000,0x00000000f5c00000,0x00000000f5d00000)
 ParOldGen       total 120320K, used 117932K [0x00000000e0000000, 0x00000000e7580000, 0x00000000f5580000)
  object space 120320K, 98% used [0x00000000e0000000,0x00000000e732b3d8,0x00000000e7580000)
 Metaspace       used 45650K, committed 46656K, reserved 1097728K
  class space    used 4727K, committed 5120K, reserved 1048576K
}
Event: 43.698 GC heap before
{Heap before GC invocations=60 (full 4):
 PSYoungGen      total 5632K, used 5241K [0x00000000f5580000, 0x00000000f5d00000, 0x0000000100000000)
  eden space 4608K, 100% used [0x00000000f5580000,0x00000000f5a00000,0x00000000f5a00000)
  from space 1024K, 61% used [0x00000000f5a00000,0x00000000f5a9e430,0x00000000f5b00000)
  to   space 1024K, 0% used [0x00000000f5c00000,0x00000000f5c00000,0x00000000f5d00000)
 ParOldGen       total 120320K, used 117932K [0x00000000e0000000, 0x00000000e7580000, 0x00000000f5580000)
  object space 120320K, 98% used [0x00000000e0000000,0x00000000e732b3d8,0x00000000e7580000)
 Metaspace       used 45650K, committed 46656K, reserved 1097728K
  class space    used 4727K, committed 5120K, reserved 1048576K
}
Event: 43.705 GC heap after
{Heap after GC invocations=60 (full 4):
 PSYoungGen      total 6656K, used 603K [0x00000000f5580000, 0x00000000f5d00000, 0x0000000100000000)
  eden space 5632K, 0% used [0x00000000f5580000,0x00000000f5580000,0x00000000f5b00000)
  from space 1024K, 58% used [0x00000000f5c00000,0x00000000f5c96ef0,0x00000000f5d00000)
  to   space 1024K, 0% used [0x00000000f5b00000,0x00000000f5b00000,0x00000000f5c00000)
 ParOldGen       total 120320K, used 118539K [0x00000000e0000000, 0x00000000e7580000, 0x00000000f5580000)
  object space 120320K, 98% used [0x00000000e0000000,0x00000000e73c2f80,0x00000000e7580000)
 Metaspace       used 45650K, committed 46656K, reserved 1097728K
  class space    used 4727K, committed 5120K, reserved 1048576K
}
Event: 43.797 GC heap before
{Heap before GC invocations=61 (full 4):
 PSYoungGen      total 6656K, used 6235K [0x00000000f5580000, 0x00000000f5d00000, 0x0000000100000000)
  eden space 5632K, 100% used [0x00000000f5580000,0x00000000f5b00000,0x00000000f5b00000)
  from space 1024K, 58% used [0x00000000f5c00000,0x00000000f5c96ef0,0x00000000f5d00000)
  to   space 1024K, 0% used [0x00000000f5b00000,0x00000000f5b00000,0x00000000f5c00000)
 ParOldGen       total 120320K, used 118539K [0x00000000e0000000, 0x00000000e7580000, 0x00000000f5580000)
  object space 120320K, 98% used [0x00000000e0000000,0x00000000e73c2f80,0x00000000e7580000)
 Metaspace       used 45664K, committed 46656K, reserved 1097728K
  class space    used 4727K, committed 5120K, reserved 1048576K
}
Event: 43.803 GC heap after
{Heap after GC invocations=61 (full 4):
 PSYoungGen      total 6656K, used 733K [0x00000000f5580000, 0x00000000f5e80000, 0x0000000100000000)
  eden space 5632K, 0% used [0x00000000f5580000,0x00000000f5580000,0x00000000f5b00000)
  from space 1024K, 71% used [0x00000000f5b00000,0x00000000f5bb7500,0x00000000f5c00000)
  to   space 1024K, 0% used [0x00000000f5d80000,0x00000000f5d80000,0x00000000f5e80000)
 ParOldGen       total 120320K, used 119122K [0x00000000e0000000, 0x00000000e7580000, 0x00000000f5580000)
  object space 120320K, 99% used [0x00000000e0000000,0x00000000e74549b8,0x00000000e7580000)
 Metaspace       used 45664K, committed 46656K, reserved 1097728K
  class space    used 4727K, committed 5120K, reserved 1048576K
}

